
(com.github.Aylur.ags:1402290): Gtk-WARNING **: 10:53:08.821: Theme parsing error: gtk-dark.css:3301:26: 'f' is not a valid color name

(com.github.Aylur.ags:1402290): Gtk-WARNING **: 10:53:08.821: Theme parsing error: gtk-dark.css:3302:29: Junk at end of value for background-color

(com.github.Aylur.ags:1402290): Gtk-WARNING **: 10:53:08.822: Theme parsing error: gtk-dark.css:3942:55: Using one color stop with linear-gradient() is deprecated.

(com.github.Aylur.ags:1402290): Gtk-WARNING **: 10:53:08.827: Theme parsing error: gtk-dark.css:5896:0: Expected a valid selector

(com.github.Aylur.ags:1402290): Gtk-WARNING **: 10:53:08.827: Theme parsing error: gtk-dark.css:5949:0: Expected a valid selector

(com.github.Aylur.ags:1402290): Gjs-WARNING **: 10:53:09.013: Gio.UnixOutputStream has been moved to a separate platform-specific library. Please update your code to use GioUnix.OutputStream instead.
0 subprocess() ["resource:///com/github/Aylur/ags/utils/exec.js":27:23]
1 startListen() ["resource:///com/github/Aylur/ags/variable.js":88:27]
2 Variable() ["resource:///com/github/Aylur/ags/variable.js":30:17]
3 default() ["resource:///com/github/Aylur/ags/variable.js":130:35]
4 <TOP LEVEL> ["file:///home/katsuro/.config/ags/widget/controlpanel.js":18:21]
5 InterpretGeneratorResume() ["self-hosted":1455:33]
6 AsyncFunctionNext() ["self-hosted":852:26]
7 _init/GLib.MainLoop.prototype.runAsync/</<() ["resource:///org/gnome/gjs/modules/core/overrides/GLib.js":266:33]


(com.github.Aylur.ags:1402290): Gjs-WARNING **: 10:53:09.013: Gio.UnixInputStream has been moved to a separate platform-specific library. Please update your code to use GioUnix.InputStream instead.
0 subprocess() ["resource:///com/github/Aylur/ags/utils/exec.js":31:23]
1 startListen() ["resource:///com/github/Aylur/ags/variable.js":88:27]
2 Variable() ["resource:///com/github/Aylur/ags/variable.js":30:17]
3 default() ["resource:///com/github/Aylur/ags/variable.js":130:35]
4 <TOP LEVEL> ["file:///home/katsuro/.config/ags/widget/controlpanel.js":18:21]
5 InterpretGeneratorResume() ["self-hosted":1455:33]
6 AsyncFunctionNext() ["self-hosted":852:26]
7 _init/GLib.MainLoop.prototype.runAsync/</<() ["resource:///org/gnome/gjs/modules/core/overrides/GLib.js":266:33]


(com.github.Aylur.ags:1402290): Gjs-Console-WARNING **: 10:53:09.030: Another notification daemon is already running: dunst

(com.github.Aylur.ags:1402290): Gtk-WARNING **: 10:56:23.895: Theme parsing error: gtk-dark.css:3301:26: 'f' is not a valid color name

(com.github.Aylur.ags:1402290): Gtk-WARNING **: 10:56:23.895: Theme parsing error: gtk-dark.css:3302:29: Junk at end of value for background-color

(com.github.Aylur.ags:1402290): Gtk-WARNING **: 10:56:23.897: Theme parsing error: gtk-dark.css:3942:55: Using one color stop with linear-gradient() is deprecated.

(com.github.Aylur.ags:1402290): Gtk-WARNING **: 10:56:23.910: Theme parsing error: gtk-dark.css:5896:0: Expected a valid selector

(com.github.Aylur.ags:1402290): Gtk-WARNING **: 10:56:23.910: Theme parsing error: gtk-dark.css:5949:0: Expected a valid selector
